<?xml version="1.0" encoding="UTF-8"?>
<!-- Generated by org.testng.reporters.JUnitReportReporter -->
<testsuite hostname="LAPTOP-D84AQE33" failures="0" tests="1" name="test.kv_test" time="538.281" errors="0" timestamp="2024-02-09T14:05:12 IST" skipped="0">
  <testcase classname="test.kv_test" name="test" time="538.281"/>
  <system-out/>
</testsuite> <!-- test.kv_test -->
